<?xml version='1.0' encoding='UTF-8'?>
<testsuite hostname="LAPTOP-ROT8D4JP" name="com.jemb.scalacheck.utils.MateUtilsTest" tests="0" errors="0" failures="0" skipped="0" time="0.0" timestamp="2022-04-25T16:40:28">
          <properties>
      <property name="java.specification.version" value="17"/><property name="sun.cpu.isalist" value="amd64"/><property name="sun.jnu.encoding" value="Cp1252"/><property name="sun.arch.data.model" value="64"/><property name="sbt.supershell" value="false"/><property name="java.vendor.url" value="https://java.oracle.com/"/><property name="sun.boot.library.path" value="D:\Software\jdks\openjdk-17.0.2\bin"/><property name="sun.java.command" value="C:\Users\josee\AppData\Roaming\JetBrains\IdeaIC2021.3\plugins\Scala\launcher\sbt-launch.jar early(addPluginSbtFile=&quot;&quot;&quot;C:\Users\josee\AppData\Local\Temp\idea.sbt&quot;&quot;&quot;) ; set ideaPort in Global := 49339 ; idea-shell"/><property name="jdk.debug" value="release"/><property name="sun.stderr.encoding" value="cp850"/><property name="java.specification.vendor" value="Oracle Corporation"/><property name="java.version.date" value="2022-01-18"/><property name="java.home" value="D:\Software\jdks\openjdk-17.0.2"/><property name="file.separator" value="\"/><property name="java.vm.compressedOopsMode" value="32-bit"/><property name="line.separator" value="
"/><property name="sun.stdout.encoding" value="cp850"/><property name="java.vm.specification.vendor" value="Oracle Corporation"/><property name="java.specification.name" value="Java Platform API Specification"/><property name="idea.installation.dir" value="D:\Program Files\IntelliJ IDEA Community Edition 2021.3.2"/><property name="user.script" value=""/><property name="sun.management.compiler" value="HotSpot 64-Bit Tiered Compilers"/><property name="java.runtime.version" value="17.0.2+8-86"/><property name="user.name" value="josee"/><property name="log4j.ignoreTCL" value="true"/><property name="file.encoding" value="UTF-8"/><property name="jnidispatch.path" value="C:\Users\josee\AppData\Local\Temp\jna-101313774\jna1417109375249835705.dll"/><property name="jna.loaded" value="true"/><property name="java.io.tmpdir" value="C:\Users\josee\AppData\Local\Temp\"/><property name="java.version" value="17.0.2"/><property name="java.vm.specification.name" value="Java Virtual Machine Specification"/><property name="sun.os.patch.level" value=""/><property name="native.encoding" value="Cp1252"/><property name="java.library.path" value="D:\Software\jdks\openjdk-17.0.2\bin;C:\WINDOWS\Sun\Java\bin;C:\WINDOWS\system32;C:\WINDOWS;D:\ProgramFiles\Anaconda3;D:\ProgramFiles\Anaconda3\Library\mingw-w64\bin;D:\ProgramFiles\Anaconda3\Library\usr\bin;D:\ProgramFiles\Anaconda3\Library\bin;D:\ProgramFiles\Anaconda3\Scripts;C:\WINDOWS\system32;C:\WINDOWS;C:\WINDOWS\System32\Wbem;C:\WINDOWS\System32\WindowsPowerShell\v1.0\;C:\WINDOWS\System32\OpenSSH\;D:\ProgramFiles\bin;D:\Software\jdks\openjdk-17.0.2\bin;D:\ProgramFiles\mingw64i\mingw64\bin;D:\BigData\hadoop-2.8.0\bin;D:\ProgramFiles\cmder;D:\BigData\spark-2.3.2-bin-hadoop2.7\bin;D:\BigData\zookeeper-3.4.12\bin;D:\BigData\apache-hive-2.1.1-bin\bin;D:\ProgramFiles\swipl\bin;C:\Program Files (x86)\scala\bin;C:\Program Files\Git\cmd;C:\Program Files\dotnet\;C:\Program Files\Microsoft SQL Server\130\Tools\Binn\;C:\Program Files\Microsoft SQL Server\Client SDK\ODBC\170\Tools\Binn\;D:\ProgramFiles\Notepad++\;C:\Program Files\Calibre2\;C:\Program Files\Docker\Docker\resources\bin;C:\ProgramData\DockerDesktop\version-bin;D:\Software\Maven\apache-maven-3.8.5\bin;C:\Program Files (x86)\sbt\bin;D:\Software\jruby-9.2.14.0\bin;C:\Users\josee\AppData\Local\Microsoft\WindowsApps;C:\Users\josee\AppData\Local\GitHubDesktop\bin;D:\tools\Microsoft VS Code\bin;C:\Users\josee\AppData\Local\Microsoft\WindowsApps;;."/><property name="java.vendor" value="Oracle Corporation"/><property name="sun.io.unicode.encoding" value="UnicodeLittle"/><property name="java.class.path" value="C:\Users\josee\AppData\Roaming\JetBrains\IdeaIC2021.3\plugins\Scala\launcher\sbt-launch.jar"/><property name="java.vm.vendor" value="Oracle Corporation"/><property name="user.variant" value=""/><property name="jline.shutdownhook" value="false"/><property name="user.timezone" value="America/Mexico_City"/><property name="java.vm.specification.version" value="17"/><property name="os.name" value="Windows 10"/><property name="sun.java.launcher" value="SUN_STANDARD"/><property name="user.country" value="MX"/><property name="sun.cpu.endian" value="little"/><property name="user.home" value="C:\Users\josee"/><property name="user.language" value="es"/><property name="swoval.tmpdir" value="C:\Users\josee\.sbt\1.0"/><property name="jline.esc.timeout" value="0"/><property name="path.separator" value=";"/><property name="os.version" value="10.0"/><property name="jna.nosys" value="true"/><property name="java.runtime.name" value="OpenJDK Runtime Environment"/><property name="sbt.log.noformat" value="true"/><property name="java.vm.name" value="OpenJDK 64-Bit Server VM"/><property name="java.vendor.url.bug" value="https://bugreport.java.com/bugreport/"/><property name="user.dir" value="D:\PROYECTOS\Ejercicios\scala\ProgramacionFuncional\ejems02\fp029_scalacheck"/><property name="os.arch" value="amd64"/><property name="idea.managed" value="true"/><property name="java.vm.info" value="mixed mode, sharing"/><property name="java.vm.version" value="17.0.2+8-86"/><property name="java.class.version" value="61.0"/>
    </properties>
          
          <system-out><![CDATA[]]></system-out>
          <system-err><![CDATA[]]></system-err>
        </testsuite>